<?xml version="1.0" encoding="UTF-8"?>
<testsuite xmlns:xsi="http://www.w3.org/2001/XMLSchema-instance" xsi:noNamespaceSchemaLocation="https://maven.apache.org/surefire/maven-surefire-plugin/xsd/surefire-test-report.xsd" name="runner.TestRunner" time="86.884" tests="20" errors="0" skipped="0" failures="2">
  <properties>
[...]
</properties>
  <testcase name="Given the Runmode is &quot;Y&quot;" classname="| Y | canary@gmail.com | Selenium321 | successful |" time="0.003"/>
  <testcase name="When I navigate to &quot;testUrl&quot; on &quot;browserType&quot;" classname="| Y | canary@gmail.com | Selenium321 | successful |" time="0"/>
  <testcase name="And I click on &quot;signinLink&quot;" classname="| Y | canary@gmail.com | Selenium321 | successful |" time="0"/>
  <testcase name="And I enter &quot;emailText&quot; as &quot;canary@gmail.com&quot;" classname="| Y | canary@gmail.com | Selenium321 | successful |" time="0"/>
  <testcase name="And I enter &quot;passwordText&quot; as &quot;Selenium321&quot;" classname="| Y | canary@gmail.com | Selenium321 | successful |" time="0"/>
  <testcase name="And I click on &quot;signinButton&quot;" classname="| Y | canary@gmail.com | Selenium321 | successful |" time="0"/>
  <testcase name="Then Signin should be &quot;successful&quot;" classname="| Y | canary@gmail.com | Selenium321 | successful |" time="0"/>
  <testcase name="| Y | canary@gmail.com | Selenium321 | successful |" classname="| Y | canary@gmail.com | Selenium321 | successful |" time="0.002"/>
  <testcase name="Given the Runmode is &quot;Y&quot;" classname="| Y | London | London |" time="0"/>
  <testcase name="When I navigate to &quot;testUrl&quot; on &quot;browserType&quot;" classname="| Y | London | London |" time="0"/>
  <testcase name="And I enter &quot;London&quot; into &quot;searchLocationText&quot;" classname="| Y | London | London |" time="0.001"/>
  <testcase name="And I click on &quot;searchButton&quot;" classname="| Y | London | London |" time="0"/>
  <testcase name="Then the For Sale properties results page &quot;headerTitleLabel&quot; should show &quot;London&quot;" classname="| Y | London | London |" time="0"/>
  <testcase name="| Y | London | London |" classname="| Y | London | London |" time="0.001"/>
  <testcase name="Given the Runmode is &quot;Y&quot;" classname="| Y | London | Test |" time="0"/>
  <testcase name="When I navigate to &quot;testUrl&quot; on &quot;browserType&quot;" classname="| Y | London | Test |" time="0"/>
  <testcase name="And I enter &quot;London&quot; into &quot;searchLocationText&quot;" classname="| Y | London | Test |" time="0"/>
  <testcase name="And I click on &quot;searchButton&quot;" classname="| Y | London | Test |" time="0"/>
  <testcase name="Then the For Sale properties results page &quot;headerTitleLabel&quot; should show &quot;Test&quot;" classname="| Y | London | Test |" time="0.024">
    <failure type="java.lang.AssertionError">java.lang.AssertionError
</failure>
    <system-err><![CDATA[Unable to read VR Path Registry from C:\Users\Anne-Marie\AppData\Local\openvr\openvrpaths.vrpath
[Child 8344, Chrome_ChildThread] WARNING: pipe error: 109: file z:/build/build/src/ipc/chromium/src/chrome/common/ipc_channel_win.cc, line 346
[GFX1-]: Receive IPC close with reason=AbnormalShutdown
Unable to read VR Path Registry from C:\Users\Anne-Marie\AppData\Local\openvr\openvrpaths.vrpath
[Child 22624, Chrome_ChildThread] WARNING: pipe error: 232: file z:/build/build/src/ipc/chromium/src/chrome/common/ipc_channel_win.cc, line 513
]]></system-err>
  </testcase>
  <testcase name="| Y | London | Test |" classname="| Y | London | Test |" time="0.024">
    <failure type="java.lang.AssertionError">java.lang.AssertionError
</failure>
  </testcase>
</testsuite>